<?xml version="1.0" encoding="UTF-8"?>
<!-- Generated by org.testng.reporters.JUnitXMLReporter -->
<testsuite ignored="1" hostname="Sivasankar-PC" failures="1" tests="1" name="Default test(failed)" time="0.136" errors="0" timestamp="2023-01-09T01:08:32 IST">
  <testcase classname="org.base.RerunclassToday" name="Tc01" time="0.025">
    <failure type="java.lang.AssertionError">
      <![CDATA[java.lang.AssertionError
at org.junit.Assert.fail(Assert.java:87)
at org.junit.Assert.assertTrue(Assert.java:42)
at org.junit.Assert.assertTrue(Assert.java:53)
at org.base.RerunclassToday.Tc01(RerunclassToday.java:11)
at java.base/java.util.ArrayList.forEach(ArrayList.java:1511)
... Removed 27 stack frames]]>
    </failure>
  </testcase> <!-- Tc01 -->
  <testcase classname="org.base.RerunclassToday" name="tc02" time="0.0">
    <ignored/>
  </testcase> <!-- tc02 -->
</testsuite> <!-- Default test(failed) -->
