<?xml version="1.0" encoding="UTF-8"?>
<!-- Generated by org.testng.reporters.JUnitXMLReporter -->
<testsuite ignored="0" hostname="Sivasankar-PC" failures="0" tests="10" name="Test2" time="0.661" errors="0" timestamp="2023-01-07T00:21:59 IST">
  <testcase classname="org.base.TestRunnerClass1" name="test1" time="0.037"/>
  <testcase classname="org.base.TestRunnerClass1" name="test2" time="0.068"/>
  <testcase classname="org.base.TestRunnerClass1" name="test3" time="0.001"/>
  <testcase classname="org.base.TestRunnerClass1" name="test4" time="0.004"/>
  <testcase classname="org.base.TestRunnerClass1" name="test5" time="0.009"/>
  <testcase classname="org.base.TestRunnerClass2" name="test1" time="0.003"/>
  <testcase classname="org.base.TestRunnerClass2" name="test2" time="0.007"/>
  <testcase classname="org.base.TestRunnerClass2" name="test3" time="0.003"/>
  <testcase classname="org.base.TestRunnerClass2" name="test4" time="0.003"/>
  <testcase classname="org.base.TestRunnerClass2" name="test5" time="0.082"/>
</testsuite> <!-- Test2 -->
