<?xml version="1.0" encoding="UTF-8"?>
<!-- Generated by org.testng.reporters.JUnitXMLReporter -->
<testsuite ignored="0" hostname="Sivasankar-PC" failures="0" tests="7" name="Test" time="50.816" errors="0" timestamp="2023-07-06T15:25:47 IST">
  <testcase classname="org.base.AssertConditionChecking" name="test01" time="0.204"/>
  <testcase classname="org.base.ParallelExecutionClassToday" name="test1" time="0.028"/>
  <testcase classname="org.base.ParallelExecutionClassToday" name="test2" time="0.018"/>
  <testcase classname="org.base.ParallelExecutionClassToday" name="test3" time="0.021"/>
  <testcase classname="org.base.ParallelExecutionClassToday" name="test4" time="0.027"/>
  <testcase classname="org.base.ParallelExecutionClassToday" name="test5" time="0.021"/>
  <testcase classname="org.base.TestOfTestNG" name="tc01" time="49.955"/>
</testsuite> <!-- Test -->
