<?xml version="1.0" encoding="UTF-8"?>
<!-- Generated by org.testng.reporters.JUnitXMLReporter -->
<testsuite ignored="0" hostname="Sivasankar-PC" failures="0" tests="10" name="Test1" time="0.619" errors="0" timestamp="2023-01-07T00:21:59 IST">
  <testcase classname="org.base.TestRunnerClass1" name="test1" time="0.039"/>
  <testcase classname="org.base.TestRunnerClass1" name="test2" time="0.007"/>
  <testcase classname="org.base.TestRunnerClass1" name="test3" time="0.005"/>
  <testcase classname="org.base.TestRunnerClass1" name="test4" time="0.001"/>
  <testcase classname="org.base.TestRunnerClass1" name="test5" time="0.002"/>
  <testcase classname="org.base.TestRunnerClass2" name="test1" time="0.01"/>
  <testcase classname="org.base.TestRunnerClass2" name="test2" time="0.008"/>
  <testcase classname="org.base.TestRunnerClass2" name="test3" time="0.002"/>
  <testcase classname="org.base.TestRunnerClass2" name="test4" time="0.013"/>
  <testcase classname="org.base.TestRunnerClass2" name="test5" time="0.009"/>
</testsuite> <!-- Test1 -->
