<?xml version="1.0" encoding="UTF-8"?>
<testng-results ignored="0" total="7" passed="7" failed="0" skipped="0">
  <reporter-output>
  </reporter-output>
  <suite started-at="2023-07-06T15:24:56 IST" name="Suite" finished-at="2023-07-06T15:25:47 IST" duration-ms="50816">
    <groups>
    </groups>
    <test started-at="2023-07-06T15:24:56 IST" name="Test" finished-at="2023-07-06T15:25:47 IST" duration-ms="50816">
      <class name="org.base.AssertConditionChecking">
        <test-method signature="test01()[pri:0, instance:org.base.AssertConditionChecking@514646ef]" started-at="2023-07-06T15:24:57 IST" name="test01" finished-at="2023-07-06T15:24:57 IST" duration-ms="204" status="PASS">
          <reporter-output>
          </reporter-output>
        </test-method> <!-- test01 -->
      </class> <!-- org.base.AssertConditionChecking -->
      <class name="org.base.ParallelExecutionClassToday">
        <test-method signature="test1()[pri:0, instance:org.base.ParallelExecutionClassToday@4a8355dd]" started-at="2023-07-06T15:24:57 IST" name="test1" finished-at="2023-07-06T15:24:57 IST" duration-ms="28" status="PASS">
          <reporter-output>
          </reporter-output>
        </test-method> <!-- test1 -->
        <test-method signature="test2()[pri:0, instance:org.base.ParallelExecutionClassToday@4a8355dd]" started-at="2023-07-06T15:24:57 IST" name="test2" finished-at="2023-07-06T15:24:57 IST" duration-ms="18" status="PASS">
          <reporter-output>
          </reporter-output>
        </test-method> <!-- test2 -->
        <test-method signature="test3()[pri:0, instance:org.base.ParallelExecutionClassToday@4a8355dd]" started-at="2023-07-06T15:24:57 IST" name="test3" finished-at="2023-07-06T15:24:57 IST" duration-ms="21" status="PASS">
          <reporter-output>
          </reporter-output>
        </test-method> <!-- test3 -->
        <test-method signature="test4()[pri:0, instance:org.base.ParallelExecutionClassToday@4a8355dd]" started-at="2023-07-06T15:24:57 IST" name="test4" finished-at="2023-07-06T15:24:57 IST" duration-ms="27" status="PASS">
          <reporter-output>
          </reporter-output>
        </test-method> <!-- test4 -->
        <test-method signature="test5()[pri:0, instance:org.base.ParallelExecutionClassToday@4a8355dd]" started-at="2023-07-06T15:24:57 IST" name="test5" finished-at="2023-07-06T15:24:57 IST" duration-ms="21" status="PASS">
          <reporter-output>
          </reporter-output>
        </test-method> <!-- test5 -->
      </class> <!-- org.base.ParallelExecutionClassToday -->
      <class name="org.base.TestOfTestNG">
        <test-method signature="tc01(java.lang.String,java.lang.String)[pri:0, instance:org.base.TestOfTestNG@4d0d9fe7]" started-at="2023-07-06T15:24:57 IST" name="tc01" finished-at="2023-07-06T15:25:47 IST" duration-ms="49955" status="PASS">
          <params>
            <param index="0">
              <value>
                <![CDATA[sam123@gmail.com]]>
              </value>
            </param>
            <param index="1">
              <value>
                <![CDATA[abcd123]]>
              </value>
            </param>
          </params>
          <reporter-output>
          </reporter-output>
        </test-method> <!-- tc01 -->
      </class> <!-- org.base.TestOfTestNG -->
    </test> <!-- Test -->
  </suite> <!-- Suite -->
</testng-results>
